<?xml version="1.0" encoding="UTF-8"?>
<testng-results skipped="0" failed="0" total="1" passed="1">
  <reporter-output>
  </reporter-output>
  <suite name="Command line suite" duration-ms="12" started-at="2017-10-10T16:02:00Z" finished-at="2017-10-10T16:02:00Z">
    <groups>
    </groups>
    <test name="Command line test" duration-ms="12" started-at="2017-10-10T16:02:00Z" finished-at="2017-10-10T16:02:00Z">
      <class name="com.mytest.Testgooglekeep.AppTest">
        <test-method status="PASS" signature="testApp()[pri:0, instance:testApp(com.mytest.Testgooglekeep.AppTest)]" name="testApp" duration-ms="0" started-at="2017-10-10T17:02:00Z" finished-at="2017-10-10T17:02:00Z">
          <reporter-output>
          </reporter-output>
        </test-method> <!-- testApp -->
      </class> <!-- com.mytest.Testgooglekeep.AppTest -->
    </test> <!-- Command line test -->
  </suite> <!-- Command line suite -->
</testng-results>
