<?xml version="1.0" encoding="UTF-8"?>
<testng-results skipped="0" failed="0" ignored="0" total="1" passed="1">
  <reporter-output>
  </reporter-output>
  <suite name="Default suite" duration-ms="28058" started-at="2017-10-26T16:13:43Z" finished-at="2017-10-26T16:14:11Z">
    <groups>
    </groups>
    <test name="Default test" duration-ms="28058" started-at="2017-10-26T16:13:43Z" finished-at="2017-10-26T16:14:11Z">
      <class name="com.test.amazon.NewTest">
        <test-method status="PASS" signature="setup()[pri:0, instance:com.test.amazon.NewTest@4cc0edeb]" name="setup" is-config="true" duration-ms="2671" started-at="2017-10-26T21:43:43Z" finished-at="2017-10-26T21:43:46Z">
          <reporter-output>
          </reporter-output>
        </test-method> <!-- setup -->
        <test-method status="PASS" signature="openHomePage()[pri:0, instance:com.test.amazon.NewTest@4cc0edeb]" name="openHomePage" is-config="true" duration-ms="4964" started-at="2017-10-26T21:43:46Z" finished-at="2017-10-26T21:43:51Z">
          <reporter-output>
          </reporter-output>
        </test-method> <!-- openHomePage -->
        <test-method status="PASS" signature="testAddingItemToCard()[pri:0, instance:com.test.amazon.NewTest@4cc0edeb]" name="testAddingItemToCard" duration-ms="20084" started-at="2017-10-26T21:43:51Z" finished-at="2017-10-26T21:44:11Z">
          <reporter-output>
          </reporter-output>
        </test-method> <!-- testAddingItemToCard -->
        <test-method status="PASS" signature="tearDown()[pri:0, instance:com.test.amazon.NewTest@4cc0edeb]" name="tearDown" is-config="true" duration-ms="325" started-at="2017-10-26T21:44:11Z" finished-at="2017-10-26T21:44:11Z">
          <reporter-output>
          </reporter-output>
        </test-method> <!-- tearDown -->
      </class> <!-- com.test.amazon.NewTest -->
    </test> <!-- Default test -->
  </suite> <!-- Default suite -->
</testng-results>
